admin/build/intermediates/manifest_merge_blame_file/debug/manifest-merger-blame-debug-report.txt
1<?xml version="1.0" encoding="utf-8"?>
2<manifest xmlns:android="http://schemas.android.com/apk/res/android"
3    package="com.example.admin"
4    android:versionCode="1"
5    android:versionName="1.0" >
6
7    <uses-sdk
8        android:minSdkVersion="24"
9        android:targetSdkVersion="33" />
10
11    <!-- Although the *SdkVersion is captured in gradle build files, this is required for non gradle builds -->
12    <!-- <uses-sdk android:minSdkVersion="14"/> -->
13    <uses-permission android:name="android.permission.ACCESS_NETWORK_STATE" />
13-->[com.google.firebase:firebase-database:20.2.2] AndroidManifest.xml:24:5-79
13-->[com.google.firebase:firebase-database:20.2.2] AndroidManifest.xml:24:22-76
14    <uses-permission android:name="android.permission.INTERNET" />
14-->[com.google.firebase:firebase-database:20.2.2] AndroidManifest.xml:25:5-67
14-->[com.google.firebase:firebase-database:20.2.2] AndroidManifest.xml:25:22-64
15    <uses-permission android:name="android.permission.WAKE_LOCK" />
15-->[com.google.android.gms:play-services-measurement-api:21.3.0] AndroidManifest.xml:24:5-68
15-->[com.google.android.gms:play-services-measurement-api:21.3.0] AndroidManifest.xml:24:22-65
16    <uses-permission android:name="com.google.android.gms.permission.AD_ID" />
16-->[com.google.android.gms:play-services-measurement-api:21.3.0] AndroidManifest.xml:25:5-79
16-->[com.google.android.gms:play-services-measurement-api:21.3.0] AndroidManifest.xml:25:22-76
17    <uses-permission android:name="com.google.android.finsky.permission.BIND_GET_INSTALL_REFERRER_SERVICE" />
17-->[com.google.android.gms:play-services-measurement:21.3.0] AndroidManifest.xml:26:5-110
17-->[com.google.android.gms:play-services-measurement:21.3.0] AndroidManifest.xml:26:22-107
18
19    <permission
19-->[androidx.core:core:1.9.0] AndroidManifest.xml:22:5-24:47
20        android:name="com.example.admin.DYNAMIC_RECEIVER_NOT_EXPORTED_PERMISSION"
20-->[androidx.core:core:1.9.0] AndroidManifest.xml:23:9-81
21        android:protectionLevel="signature" />
21-->[androidx.core:core:1.9.0] AndroidManifest.xml:24:9-44
22
23    <uses-permission android:name="com.example.admin.DYNAMIC_RECEIVER_NOT_EXPORTED_PERMISSION" />
23-->[androidx.core:core:1.9.0] AndroidManifest.xml:26:5-97
23-->[androidx.core:core:1.9.0] AndroidManifest.xml:26:22-94
24
25    <application
25-->src\main\AndroidManifest.xml:4:5-23:19
26        android:allowBackup="true"
26-->src\main\AndroidManifest.xml:5:9-35
27        android:appComponentFactory="androidx.core.app.CoreComponentFactory"
27-->[androidx.core:core:1.9.0] AndroidManifest.xml:28:18-86
28        android:debuggable="true"
29        android:extractNativeLibs="false"
30        android:icon="@mipmap/ic_launcher"
30-->src\main\AndroidManifest.xml:6:9-43
31        android:label="@string/app_name"
31-->src\main\AndroidManifest.xml:7:9-41
32        android:roundIcon="@mipmap/ic_launcher_round"
32-->src\main\AndroidManifest.xml:8:9-54
33        android:supportsRtl="true"
33-->src\main\AndroidManifest.xml:9:9-35
34        android:testOnly="true"
35        android:theme="@style/Theme.Assignmentocean" >
35-->src\main\AndroidManifest.xml:10:9-53
36        <activity
36-->src\main\AndroidManifest.xml:11:9-13:40
37            android:name="com.example.admin.EventActivity"
37-->src\main\AndroidManifest.xml:12:13-42
38            android:exported="false" />
38-->src\main\AndroidManifest.xml:13:13-37
39        <activity
39-->src\main\AndroidManifest.xml:14:9-22:20
40            android:name="com.example.admin.MainActivity"
40-->src\main\AndroidManifest.xml:15:13-41
41            android:exported="true" >
41-->src\main\AndroidManifest.xml:16:13-36
42            <intent-filter>
42-->src\main\AndroidManifest.xml:17:13-21:29
43                <action android:name="android.intent.action.MAIN" />
43-->src\main\AndroidManifest.xml:18:17-69
43-->src\main\AndroidManifest.xml:18:25-66
44
45                <category android:name="android.intent.category.LAUNCHER" />
45-->src\main\AndroidManifest.xml:20:17-77
45-->src\main\AndroidManifest.xml:20:27-74
46            </intent-filter>
47        </activity>
48
49        <service
49-->[com.google.firebase:firebase-database-ktx:20.2.2] AndroidManifest.xml:11:9-17:19
50            android:name="com.google.firebase.components.ComponentDiscoveryService"
50-->[com.google.firebase:firebase-database-ktx:20.2.2] AndroidManifest.xml:12:13-84
51            android:directBootAware="true"
51-->[com.google.firebase:firebase-common:20.3.3] AndroidManifest.xml:34:13-43
52            android:exported="false" >
52-->[com.google.firebase:firebase-database-ktx:20.2.2] AndroidManifest.xml:13:13-37
53            <meta-data
53-->[com.google.firebase:firebase-database-ktx:20.2.2] AndroidManifest.xml:14:13-16:85
54                android:name="com.google.firebase.components:com.google.firebase.database.ktx.FirebaseDatabaseKtxRegistrar"
54-->[com.google.firebase:firebase-database-ktx:20.2.2] AndroidManifest.xml:15:17-124
55                android:value="com.google.firebase.components.ComponentRegistrar" />
55-->[com.google.firebase:firebase-database-ktx:20.2.2] AndroidManifest.xml:16:17-82
56            <meta-data
56-->[com.google.firebase:firebase-storage-ktx:20.2.1] AndroidManifest.xml:14:13-16:85
57                android:name="com.google.firebase.components:com.google.firebase.storage.ktx.FirebaseStorageKtxRegistrar"
57-->[com.google.firebase:firebase-storage-ktx:20.2.1] AndroidManifest.xml:15:17-122
58                android:value="com.google.firebase.components.ComponentRegistrar" />
58-->[com.google.firebase:firebase-storage-ktx:20.2.1] AndroidManifest.xml:16:17-82
59            <meta-data
59-->[com.google.firebase:firebase-database:20.2.2] AndroidManifest.xml:31:13-33:85
60                android:name="com.google.firebase.components:com.google.firebase.database.DatabaseRegistrar"
60-->[com.google.firebase:firebase-database:20.2.2] AndroidManifest.xml:32:17-109
61                android:value="com.google.firebase.components.ComponentRegistrar" />
61-->[com.google.firebase:firebase-database:20.2.2] AndroidManifest.xml:33:17-82
62            <meta-data
62-->[com.google.firebase:firebase-common-ktx:20.3.3] AndroidManifest.xml:14:13-16:85
63                android:name="com.google.firebase.components:com.google.firebase.ktx.FirebaseCommonKtxRegistrar"
63-->[com.google.firebase:firebase-common-ktx:20.3.3] AndroidManifest.xml:15:17-113
64                android:value="com.google.firebase.components.ComponentRegistrar" />
64-->[com.google.firebase:firebase-common-ktx:20.3.3] AndroidManifest.xml:16:17-82
65            <meta-data
65-->[com.google.firebase:firebase-storage:20.2.1] AndroidManifest.xml:32:13-34:85
66                android:name="com.google.firebase.components:com.google.firebase.storage.StorageRegistrar"
66-->[com.google.firebase:firebase-storage:20.2.1] AndroidManifest.xml:33:17-107
67                android:value="com.google.firebase.components.ComponentRegistrar" />
67-->[com.google.firebase:firebase-storage:20.2.1] AndroidManifest.xml:34:17-82
68            <meta-data
68-->[com.google.android.gms:play-services-measurement-api:21.3.0] AndroidManifest.xml:31:13-33:85
69                android:name="com.google.firebase.components:com.google.firebase.analytics.connector.internal.AnalyticsConnectorRegistrar"
69-->[com.google.android.gms:play-services-measurement-api:21.3.0] AndroidManifest.xml:32:17-139
70                android:value="com.google.firebase.components.ComponentRegistrar" />
70-->[com.google.android.gms:play-services-measurement-api:21.3.0] AndroidManifest.xml:33:17-82
71            <meta-data
71-->[com.google.firebase:firebase-installations:17.1.4] AndroidManifest.xml:15:13-17:85
72                android:name="com.google.firebase.components:com.google.firebase.installations.FirebaseInstallationsRegistrar"
72-->[com.google.firebase:firebase-installations:17.1.4] AndroidManifest.xml:16:17-127
73                android:value="com.google.firebase.components.ComponentRegistrar" />
73-->[com.google.firebase:firebase-installations:17.1.4] AndroidManifest.xml:17:17-82
74        </service>
75
76        <provider
76-->[com.google.firebase:firebase-common:20.3.3] AndroidManifest.xml:25:9-30:39
77            android:name="com.google.firebase.provider.FirebaseInitProvider"
77-->[com.google.firebase:firebase-common:20.3.3] AndroidManifest.xml:26:13-77
78            android:authorities="com.example.admin.firebaseinitprovider"
78-->[com.google.firebase:firebase-common:20.3.3] AndroidManifest.xml:27:13-72
79            android:directBootAware="true"
79-->[com.google.firebase:firebase-common:20.3.3] AndroidManifest.xml:28:13-43
80            android:exported="false"
80-->[com.google.firebase:firebase-common:20.3.3] AndroidManifest.xml:29:13-37
81            android:initOrder="100" />
81-->[com.google.firebase:firebase-common:20.3.3] AndroidManifest.xml:30:13-36
82
83        <activity
83-->[com.google.android.gms:play-services-base:18.1.0] AndroidManifest.xml:20:9-22:45
84            android:name="com.google.android.gms.common.api.GoogleApiActivity"
84-->[com.google.android.gms:play-services-base:18.1.0] AndroidManifest.xml:20:19-85
85            android:exported="false"
85-->[com.google.android.gms:play-services-base:18.1.0] AndroidManifest.xml:22:19-43
86            android:theme="@android:style/Theme.Translucent.NoTitleBar" />
86-->[com.google.android.gms:play-services-base:18.1.0] AndroidManifest.xml:21:19-78
87
88        <receiver
88-->[com.google.android.gms:play-services-measurement:21.3.0] AndroidManifest.xml:29:9-33:20
89            android:name="com.google.android.gms.measurement.AppMeasurementReceiver"
89-->[com.google.android.gms:play-services-measurement:21.3.0] AndroidManifest.xml:30:13-85
90            android:enabled="true"
90-->[com.google.android.gms:play-services-measurement:21.3.0] AndroidManifest.xml:31:13-35
91            android:exported="false" >
91-->[com.google.android.gms:play-services-measurement:21.3.0] AndroidManifest.xml:32:13-37
92        </receiver>
93
94        <service
94-->[com.google.android.gms:play-services-measurement:21.3.0] AndroidManifest.xml:35:9-38:40
95            android:name="com.google.android.gms.measurement.AppMeasurementService"
95-->[com.google.android.gms:play-services-measurement:21.3.0] AndroidManifest.xml:36:13-84
96            android:enabled="true"
96-->[com.google.android.gms:play-services-measurement:21.3.0] AndroidManifest.xml:37:13-35
97            android:exported="false" />
97-->[com.google.android.gms:play-services-measurement:21.3.0] AndroidManifest.xml:38:13-37
98        <service
98-->[com.google.android.gms:play-services-measurement:21.3.0] AndroidManifest.xml:39:9-43:72
99            android:name="com.google.android.gms.measurement.AppMeasurementJobService"
99-->[com.google.android.gms:play-services-measurement:21.3.0] AndroidManifest.xml:40:13-87
100            android:enabled="true"
100-->[com.google.android.gms:play-services-measurement:21.3.0] AndroidManifest.xml:41:13-35
101            android:exported="false"
101-->[com.google.android.gms:play-services-measurement:21.3.0] AndroidManifest.xml:42:13-37
102            android:permission="android.permission.BIND_JOB_SERVICE" />
102-->[com.google.android.gms:play-services-measurement:21.3.0] AndroidManifest.xml:43:13-69
103
104        <meta-data
104-->[com.google.android.gms:play-services-basement:18.1.0] AndroidManifest.xml:21:9-23:69
105            android:name="com.google.android.gms.version"
105-->[com.google.android.gms:play-services-basement:18.1.0] AndroidManifest.xml:22:13-58
106            android:value="@integer/google_play_services_version" />
106-->[com.google.android.gms:play-services-basement:18.1.0] AndroidManifest.xml:23:13-66
107
108        <provider
108-->[androidx.emoji2:emoji2:1.2.0] AndroidManifest.xml:24:9-32:20
109            android:name="androidx.startup.InitializationProvider"
109-->[androidx.emoji2:emoji2:1.2.0] AndroidManifest.xml:25:13-67
110            android:authorities="com.example.admin.androidx-startup"
110-->[androidx.emoji2:emoji2:1.2.0] AndroidManifest.xml:26:13-68
111            android:exported="false" >
111-->[androidx.emoji2:emoji2:1.2.0] AndroidManifest.xml:27:13-37
112            <meta-data
112-->[androidx.emoji2:emoji2:1.2.0] AndroidManifest.xml:29:13-31:52
113                android:name="androidx.emoji2.text.EmojiCompatInitializer"
113-->[androidx.emoji2:emoji2:1.2.0] AndroidManifest.xml:30:17-75
114                android:value="androidx.startup" />
114-->[androidx.emoji2:emoji2:1.2.0] AndroidManifest.xml:31:17-49
115            <meta-data
115-->[androidx.lifecycle:lifecycle-process:2.6.2] AndroidManifest.xml:29:13-31:52
116                android:name="androidx.lifecycle.ProcessLifecycleInitializer"
116-->[androidx.lifecycle:lifecycle-process:2.6.2] AndroidManifest.xml:30:17-78
117                android:value="androidx.startup" />
117-->[androidx.lifecycle:lifecycle-process:2.6.2] AndroidManifest.xml:31:17-49
118            <meta-data
118-->[androidx.profileinstaller:profileinstaller:1.3.0] AndroidManifest.xml:29:13-31:52
119                android:name="androidx.profileinstaller.ProfileInstallerInitializer"
119-->[androidx.profileinstaller:profileinstaller:1.3.0] AndroidManifest.xml:30:17-85
120                android:value="androidx.startup" />
120-->[androidx.profileinstaller:profileinstaller:1.3.0] AndroidManifest.xml:31:17-49
121        </provider>
122
123        <service
123-->[androidx.room:room-runtime:2.5.2] AndroidManifest.xml:24:9-28:63
124            android:name="androidx.room.MultiInstanceInvalidationService"
124-->[androidx.room:room-runtime:2.5.2] AndroidManifest.xml:25:13-74
125            android:directBootAware="true"
125-->[androidx.room:room-runtime:2.5.2] AndroidManifest.xml:26:13-43
126            android:exported="false" />
126-->[androidx.room:room-runtime:2.5.2] AndroidManifest.xml:27:13-37
127
128        <receiver
128-->[androidx.profileinstaller:profileinstaller:1.3.0] AndroidManifest.xml:34:9-52:20
129            android:name="androidx.profileinstaller.ProfileInstallReceiver"
129-->[androidx.profileinstaller:profileinstaller:1.3.0] AndroidManifest.xml:35:13-76
130            android:directBootAware="false"
130-->[androidx.profileinstaller:profileinstaller:1.3.0] AndroidManifest.xml:36:13-44
131            android:enabled="true"
131-->[androidx.profileinstaller:profileinstaller:1.3.0] AndroidManifest.xml:37:13-35
132            android:exported="true"
132-->[androidx.profileinstaller:profileinstaller:1.3.0] AndroidManifest.xml:38:13-36
133            android:permission="android.permission.DUMP" >
133-->[androidx.profileinstaller:profileinstaller:1.3.0] AndroidManifest.xml:39:13-57
134            <intent-filter>
134-->[androidx.profileinstaller:profileinstaller:1.3.0] AndroidManifest.xml:40:13-42:29
135                <action android:name="androidx.profileinstaller.action.INSTALL_PROFILE" />
135-->[androidx.profileinstaller:profileinstaller:1.3.0] AndroidManifest.xml:41:17-91
135-->[androidx.profileinstaller:profileinstaller:1.3.0] AndroidManifest.xml:41:25-88
136            </intent-filter>
137            <intent-filter>
137-->[androidx.profileinstaller:profileinstaller:1.3.0] AndroidManifest.xml:43:13-45:29
138                <action android:name="androidx.profileinstaller.action.SKIP_FILE" />
138-->[androidx.profileinstaller:profileinstaller:1.3.0] AndroidManifest.xml:44:17-85
138-->[androidx.profileinstaller:profileinstaller:1.3.0] AndroidManifest.xml:44:25-82
139            </intent-filter>
140            <intent-filter>
140-->[androidx.profileinstaller:profileinstaller:1.3.0] AndroidManifest.xml:46:13-48:29
141                <action android:name="androidx.profileinstaller.action.SAVE_PROFILE" />
141-->[androidx.profileinstaller:profileinstaller:1.3.0] AndroidManifest.xml:47:17-88
141-->[androidx.profileinstaller:profileinstaller:1.3.0] AndroidManifest.xml:47:25-85
142            </intent-filter>
143            <intent-filter>
143-->[androidx.profileinstaller:profileinstaller:1.3.0] AndroidManifest.xml:49:13-51:29
144                <action android:name="androidx.profileinstaller.action.BENCHMARK_OPERATION" />
144-->[androidx.profileinstaller:profileinstaller:1.3.0] AndroidManifest.xml:50:17-95
144-->[androidx.profileinstaller:profileinstaller:1.3.0] AndroidManifest.xml:50:25-92
145            </intent-filter>
146        </receiver>
147    </application>
148
149</manifest>